<?xml version="1.0" encoding="UTF-8"?>
<!-- Generated by org.testng.reporters.JUnitXMLReporter -->
<testsuite ignored="3" hostname="DESKTOP-SMCC0FQ" failures="0" tests="1" name="Default test" time="4.786" errors="0" timestamp="2024-01-08T12:24:45 IST">
  <testcase classname="TestCases.LoginTest" name="loginWithWrongCredentials" time="4.743"/>
  <testcase classname="TestCases.LoginTest" name="loginWithWrongUsername" time="0.0">
    <ignored/>
  </testcase> <!-- loginWithWrongUsername -->
  <testcase classname="TestCases.LoginTest" name="loginWithWrongPassword" time="0.0">
    <ignored/>
  </testcase> <!-- loginWithWrongPassword -->
  <testcase classname="TestCases.LoginTest" name="loginTestCase" time="0.0">
    <ignored/>
  </testcase> <!-- loginTestCase -->
</testsuite> <!-- Default test -->
