<?xml version="1.0" encoding="UTF-8"?>
<!-- Generated by org.testng.reporters.JUnitXMLReporter -->
<testsuite ignored="0" hostname="DESKTOP-SMCC0FQ" failures="0" tests="3" name="Default test" time="14.528" errors="0" timestamp="2024-01-08T11:47:56 IST">
  <testcase classname="TestCases.LoginTest" name="loginTestCase" time="4.953"/>
  <testcase classname="TestCases.LoginTest" name="loginWithWrongPassword" time="4.251"/>
  <testcase classname="TestCases.LoginTest" name="loginWithWrongUsername" time="5.281"/>
</testsuite> <!-- Default test -->
