<?xml version="1.0" encoding="UTF-8"?>
<!-- Generated by org.testng.reporters.JUnitXMLReporter -->
<testsuite ignored="0" hostname="DESKTOP-SMCC0FQ" failures="0" tests="4" name="Test" time="42.216" errors="0" timestamp="2024-01-05T14:41:07 IST">
  <testcase classname="TestCases.LoginTest" name="loginTestCase" time="5.563"/>
  <testcase classname="TestCases.ProductItemTest" name="ProductTest" time="10.841"/>
  <testcase classname="TestCases.VerifySingleProduct" name="PurchaseProduct" time="17.048"/>
  <testcase classname="TestCases.VerifyProductRemove" name="RemoveProduct" time="8.711"/>
</testsuite> <!-- Test -->
