<?xml version="1.0" encoding="UTF-8"?>
<!-- Generated by org.testng.reporters.JUnitXMLReporter -->
<testsuite ignored="0" hostname="DESKTOP-SMCC0FQ" failures="0" tests="7" name="Test" time="54.007" errors="0" timestamp="2024-01-08T12:59:51 IST">
  <testcase classname="TestCases.LoginTest" name="loginTestCase" time="5.774"/>
  <testcase classname="TestCases.LoginTest" name="loginWithWrongCredentials" time="3.974"/>
  <testcase classname="TestCases.LoginTest" name="loginWithWrongPassword" time="4.198"/>
  <testcase classname="TestCases.LoginTest" name="loginWithWrongUsername" time="3.957"/>
  <testcase classname="TestCases.ProductItemTest" name="ProductTest" time="10.616"/>
  <testcase classname="TestCases.VerifyProductRemove" name="RemoveProduct" time="8.418"/>
  <testcase classname="TestCases.VerifySingleProduct" name="PurchaseProduct" time="17.001"/>
</testsuite> <!-- Test -->
