<?xml version="1.0" encoding="UTF-8"?>
<testng-results ignored="0" total="1" passed="1" failed="0" skipped="0">
  <reporter-output>
  </reporter-output>
  <suite started-at="2024-01-09T16:32:01 IST" name="Default suite" finished-at="2024-01-09T16:32:10 IST" duration-ms="9702">
    <groups>
    </groups>
    <test started-at="2024-01-09T16:32:01 IST" name="Default test" finished-at="2024-01-09T16:32:10 IST" duration-ms="9702">
      <class name="TestCases.VerifyProductRemove">
        <test-method signature="RemoveProduct()[pri:0, instance:TestCases.VerifyProductRemove@2f8dad04]" started-at="2024-01-09T16:32:01 IST" name="RemoveProduct" finished-at="2024-01-09T16:32:10 IST" duration-ms="9660" status="PASS">
          <reporter-output>
          </reporter-output>
        </test-method> <!-- RemoveProduct -->
      </class> <!-- TestCases.VerifyProductRemove -->
    </test> <!-- Default test -->
  </suite> <!-- Default suite -->
</testng-results>
